# JRE version: OpenJDK Runtime Environment (21.0.6) (build 21.0.6+-13355223-b631.42)
# Java VM: OpenJDK 64-Bit Server VM (21.0.6+-13355223-b631.42, mixed mode, tiered, compressed oops, compressed class ptrs, g1 gc, windows-amd64)
GC Precious Log:
 CardTable entry size: 512
 Card Set container configuration: InlinePtr #cards 5 size 8 Array Of Cards #cards 12 size 40 Howl #buckets 4 coarsen threshold 1843 Howl Bitmap #cards 512 size 80 coarsen threshold 460 Card regions per heap region 1 cards per card region 2048
 CPUs: 12 total, 12 available
 Memory: 15557M
 Large Page Support: Disabled
 NUMA Support: Disabled
 Compressed Oops: Enabled (32-bit)
 Heap Region Size: 1M
 Heap Min Capacity: 8M
 Heap Initial Capacity: 244M
 Heap Max Capacity: 2G
 Pre-touch: Disabled
 Parallel Workers: 10
 Concurrent Workers: 3
 Concurrent Refinement Workers: 10
 Periodic GC: Disabled
Heap:
 garbage-first heap   total 144384K, used 97523K [0x0000000080000000, 0x0000000100000000)
  region size 1024K, 17 young (17408K), 7 survivors (7168K)
 Metaspace       used 101864K, committed 104064K, reserved 1179648K
  class space    used 14091K, committed 15168K, reserved 1048576K
GC Heap History (20 events):
Event: 7.520 GC heap before
{Heap before GC invocations=26 (full 0):
 garbage-first heap   total 106496K, used 95620K [0x0000000080000000, 0x0000000100000000)
  region size 1024K, 34 young (34816K), 2 survivors (2048K)
 Metaspace       used 77160K, committed 78848K, reserved 1179648K
  class space    used 10424K, committed 11264K, reserved 1048576K
}
Event: 7.523 GC heap after
{Heap after GC invocations=27 (full 0):
 garbage-first heap   total 106496K, used 65249K [0x0000000080000000, 0x0000000100000000)
  region size 1024K, 4 young (4096K), 4 survivors (4096K)
 Metaspace       used 77160K, committed 78848K, reserved 1179648K
  class space    used 10424K, committed 11264K, reserved 1048576K
}
Event: 7.527 GC heap before
{Heap before GC invocations=27 (full 0):
 garbage-first heap   total 106496K, used 68321K [0x0000000080000000, 0x0000000100000000)
  region size 1024K, 8 young (8192K), 4 survivors (4096K)
 Metaspace       used 77160K, committed 78848K, reserved 1179648K
  class space    used 10424K, committed 11264K, reserved 1048576K
}
Event: 7.530 GC heap after
{Heap after GC invocations=28 (full 0):
 garbage-first heap   total 106496K, used 68038K [0x0000000080000000, 0x0000000100000000)
  region size 1024K, 5 young (5120K), 5 survivors (5120K)
 Metaspace       used 77160K, committed 78848K, reserved 1179648K
  class space    used 10424K, committed 11264K, reserved 1048576K
}
Event: 7.722 GC heap before
{Heap before GC invocations=29 (full 0):
 garbage-first heap   total 119808K, used 91590K [0x0000000080000000, 0x0000000100000000)
  region size 1024K, 25 young (25600K), 5 survivors (5120K)
 Metaspace       used 78163K, committed 79936K, reserved 1179648K
  class space    used 10568K, committed 11456K, reserved 1048576K
}
Event: 7.724 GC heap after
{Heap after GC invocations=30 (full 0):
 garbage-first heap   total 144384K, used 68705K [0x0000000080000000, 0x0000000100000000)
  region size 1024K, 2 young (2048K), 2 survivors (2048K)
 Metaspace       used 78163K, committed 79936K, reserved 1179648K
  class space    used 10568K, committed 11456K, reserved 1048576K
}
Event: 8.094 GC heap before
{Heap before GC invocations=30 (full 0):
 garbage-first heap   total 144384K, used 113761K [0x0000000080000000, 0x0000000100000000)
  region size 1024K, 46 young (47104K), 2 survivors (2048K)
 Metaspace       used 81761K, committed 83648K, reserved 1179648K
  class space    used 11025K, committed 11968K, reserved 1048576K
}
Event: 8.097 GC heap after
{Heap after GC invocations=31 (full 0):
 garbage-first heap   total 144384K, used 70521K [0x0000000080000000, 0x0000000100000000)
  region size 1024K, 4 young (4096K), 4 survivors (4096K)
 Metaspace       used 81761K, committed 83648K, reserved 1179648K
  class space    used 11025K, committed 11968K, reserved 1048576K
}
Event: 8.571 GC heap before
{Heap before GC invocations=31 (full 0):
 garbage-first heap   total 144384K, used 116601K [0x0000000080000000, 0x0000000100000000)
  region size 1024K, 50 young (51200K), 4 survivors (4096K)
 Metaspace       used 84809K, committed 86720K, reserved 1179648K
  class space    used 11438K, committed 12416K, reserved 1048576K
}
Event: 8.574 GC heap after
{Heap after GC invocations=32 (full 0):
 garbage-first heap   total 144384K, used 74685K [0x0000000080000000, 0x0000000100000000)
  region size 1024K, 7 young (7168K), 7 survivors (7168K)
 Metaspace       used 84809K, committed 86720K, reserved 1179648K
  class space    used 11438K, committed 12416K, reserved 1048576K
}
Event: 9.017 GC heap before
{Heap before GC invocations=33 (full 0):
 garbage-first heap   total 144384K, used 120765K [0x0000000080000000, 0x0000000100000000)
  region size 1024K, 52 young (53248K), 7 survivors (7168K)
 Metaspace       used 88442K, committed 90432K, reserved 1179648K
  class space    used 12082K, committed 13056K, reserved 1048576K
}
Event: 9.020 GC heap after
{Heap after GC invocations=34 (full 0):
 garbage-first heap   total 144384K, used 76315K [0x0000000080000000, 0x0000000100000000)
  region size 1024K, 2 young (2048K), 2 survivors (2048K)
 Metaspace       used 88442K, committed 90432K, reserved 1179648K
  class space    used 12082K, committed 13056K, reserved 1048576K
}
Event: 9.415 GC heap before
{Heap before GC invocations=34 (full 0):
 garbage-first heap   total 144384K, used 124443K [0x0000000080000000, 0x0000000100000000)
  region size 1024K, 49 young (50176K), 2 survivors (2048K)
 Metaspace       used 92465K, committed 94464K, reserved 1179648K
  class space    used 12673K, committed 13696K, reserved 1048576K
}
Event: 9.418 GC heap after
{Heap after GC invocations=35 (full 0):
 garbage-first heap   total 144384K, used 77896K [0x0000000080000000, 0x0000000100000000)
  region size 1024K, 5 young (5120K), 5 survivors (5120K)
 Metaspace       used 92465K, committed 94464K, reserved 1179648K
  class space    used 12673K, committed 13696K, reserved 1048576K
}
Event: 10.011 GC heap before
{Heap before GC invocations=35 (full 0):
 garbage-first heap   total 144384K, used 126024K [0x0000000080000000, 0x0000000100000000)
  region size 1024K, 52 young (53248K), 5 survivors (5120K)
 Metaspace       used 96266K, committed 98304K, reserved 1179648K
  class space    used 13256K, committed 14272K, reserved 1048576K
}
Event: 10.014 GC heap after
{Heap after GC invocations=36 (full 0):
 garbage-first heap   total 144384K, used 80419K [0x0000000080000000, 0x0000000100000000)
  region size 1024K, 6 young (6144K), 6 survivors (6144K)
 Metaspace       used 96266K, committed 98304K, reserved 1179648K
  class space    used 13256K, committed 14272K, reserved 1048576K
}
Event: 10.435 GC heap before
{Heap before GC invocations=37 (full 0):
 garbage-first heap   total 144384K, used 128547K [0x0000000080000000, 0x0000000100000000)
  region size 1024K, 53 young (54272K), 6 survivors (6144K)
 Metaspace       used 99970K, committed 102080K, reserved 1179648K
  class space    used 13790K, committed 14848K, reserved 1048576K
}
Event: 10.439 GC heap after
{Heap after GC invocations=38 (full 0):
 garbage-first heap   total 144384K, used 84221K [0x0000000080000000, 0x0000000100000000)
  region size 1024K, 7 young (7168K), 7 survivors (7168K)
 Metaspace       used 99970K, committed 102080K, reserved 1179648K
  class space    used 13790K, committed 14848K, reserved 1048576K
}
Event: 10.750 GC heap before
{Heap before GC invocations=38 (full 0):
 garbage-first heap   total 144384K, used 126205K [0x0000000080000000, 0x0000000100000000)
  region size 1024K, 49 young (50176K), 7 survivors (7168K)
 Metaspace       used 101857K, committed 104000K, reserved 1179648K
  class space    used 14091K, committed 15168K, reserved 1048576K
}
Event: 10.755 GC heap after
{Heap after GC invocations=39 (full 0):
 garbage-first heap   total 144384K, used 88307K [0x0000000080000000, 0x0000000100000000)
  region size 1024K, 7 young (7168K), 7 survivors (7168K)
 Metaspace       used 101857K, committed 104000K, reserved 1179648K
  class space    used 14091K, committed 15168K, reserved 1048576K
}

