# JRE version: OpenJDK Runtime Environment (21.0.6) (build 21.0.6+-13355223-b631.42)
# Java VM: OpenJDK 64-Bit Server VM (21.0.6+-13355223-b631.42, mixed mode, tiered, compressed oops, compressed class ptrs, g1 gc, windows-amd64)
GC Precious Log:
 CardTable entry size: 512
 Card Set container configuration: InlinePtr #cards 5 size 8 Array Of Cards #cards 12 size 40 Howl #buckets 4 coarsen threshold 1843 Howl Bitmap #cards 512 size 80 coarsen threshold 460 Card regions per heap region 1 cards per card region 2048
 CPUs: 12 total, 12 available
 Memory: 15557M
 Large Page Support: Disabled
 NUMA Support: Disabled
 Compressed Oops: Enabled (32-bit)
 Heap Region Size: 1M
 Heap Min Capacity: 8M
 Heap Initial Capacity: 244M
 Heap Max Capacity: 2G
 Pre-touch: Disabled
 Parallel Workers: 10
 Concurrent Workers: 3
 Concurrent Refinement Workers: 10
 Periodic GC: Disabled
Heap:
 garbage-first heap   total 168960K, used 119260K [0x0000000080000000, 0x0000000100000000)
  region size 1024K, 28 young (28672K), 4 survivors (4096K)
 Metaspace       used 104617K, committed 106752K, reserved 1179648K
  class space    used 14354K, committed 15424K, reserved 1048576K
GC Heap History (20 events):
Event: 6.422 GC heap before
{Heap before GC invocations=24 (full 0):
 garbage-first heap   total 116736K, used 99229K [0x0000000080000000, 0x0000000100000000)
  region size 1024K, 34 young (34816K), 4 survivors (4096K)
 Metaspace       used 78641K, committed 80448K, reserved 1179648K
  class space    used 10625K, committed 11520K, reserved 1048576K
}
Event: 6.424 GC heap after
{Heap after GC invocations=25 (full 0):
 garbage-first heap   total 140288K, used 68805K [0x0000000080000000, 0x0000000100000000)
  region size 1024K, 5 young (5120K), 5 survivors (5120K)
 Metaspace       used 78641K, committed 80448K, reserved 1179648K
  class space    used 10625K, committed 11520K, reserved 1048576K
}
Event: 6.779 GC heap before
{Heap before GC invocations=25 (full 0):
 garbage-first heap   total 140288K, used 114885K [0x0000000080000000, 0x0000000100000000)
  region size 1024K, 50 young (51200K), 5 survivors (5120K)
 Metaspace       used 82260K, committed 84096K, reserved 1179648K
  class space    used 11088K, committed 12032K, reserved 1048576K
}
Event: 6.782 GC heap after
{Heap after GC invocations=26 (full 0):
 garbage-first heap   total 140288K, used 71685K [0x0000000080000000, 0x0000000100000000)
  region size 1024K, 4 young (4096K), 4 survivors (4096K)
 Metaspace       used 82260K, committed 84096K, reserved 1179648K
  class space    used 11088K, committed 12032K, reserved 1048576K
}
Event: 7.104 GC heap before
{Heap before GC invocations=26 (full 0):
 garbage-first heap   total 140288K, used 118789K [0x0000000080000000, 0x0000000100000000)
  region size 1024K, 49 young (50176K), 4 survivors (4096K)
 Metaspace       used 85208K, committed 87168K, reserved 1179648K
  class space    used 11481K, committed 12480K, reserved 1048576K
}
Event: 7.107 GC heap after
{Heap after GC invocations=27 (full 0):
 garbage-first heap   total 140288K, used 75346K [0x0000000080000000, 0x0000000100000000)
  region size 1024K, 7 young (7168K), 7 survivors (7168K)
 Metaspace       used 85208K, committed 87168K, reserved 1179648K
  class space    used 11481K, committed 12480K, reserved 1048576K
}
Event: 7.504 GC heap before
{Heap before GC invocations=28 (full 0):
 garbage-first heap   total 140288K, used 120402K [0x0000000080000000, 0x0000000100000000)
  region size 1024K, 51 young (52224K), 7 survivors (7168K)
 Metaspace       used 88818K, committed 90752K, reserved 1179648K
  class space    used 12133K, committed 13120K, reserved 1048576K
}
Event: 7.507 GC heap after
{Heap after GC invocations=29 (full 0):
 garbage-first heap   total 140288K, used 76886K [0x0000000080000000, 0x0000000100000000)
  region size 1024K, 2 young (2048K), 2 survivors (2048K)
 Metaspace       used 88818K, committed 90752K, reserved 1179648K
  class space    used 12133K, committed 13120K, reserved 1048576K
}
Event: 7.873 GC heap before
{Heap before GC invocations=29 (full 0):
 garbage-first heap   total 140288K, used 122966K [0x0000000080000000, 0x0000000100000000)
  region size 1024K, 47 young (48128K), 2 survivors (2048K)
 Metaspace       used 92645K, committed 94656K, reserved 1179648K
  class space    used 12693K, committed 13696K, reserved 1048576K
}
Event: 7.875 GC heap after
{Heap after GC invocations=30 (full 0):
 garbage-first heap   total 140288K, used 78550K [0x0000000080000000, 0x0000000100000000)
  region size 1024K, 5 young (5120K), 5 survivors (5120K)
 Metaspace       used 92645K, committed 94656K, reserved 1179648K
  class space    used 12693K, committed 13696K, reserved 1048576K
}
Event: 8.248 GC heap before
{Heap before GC invocations=30 (full 0):
 garbage-first heap   total 140288K, used 124630K [0x0000000080000000, 0x0000000100000000)
  region size 1024K, 50 young (51200K), 5 survivors (5120K)
 Metaspace       used 96252K, committed 98304K, reserved 1179648K
  class space    used 13256K, committed 14272K, reserved 1048576K
}
Event: 8.251 GC heap after
{Heap after GC invocations=31 (full 0):
 garbage-first heap   total 140288K, used 80673K [0x0000000080000000, 0x0000000100000000)
  region size 1024K, 5 young (5120K), 5 survivors (5120K)
 Metaspace       used 96252K, committed 98304K, reserved 1179648K
  class space    used 13256K, committed 14272K, reserved 1048576K
}
Event: 8.642 GC heap before
{Heap before GC invocations=32 (full 0):
 garbage-first heap   total 140288K, used 126753K [0x0000000080000000, 0x0000000100000000)
  region size 1024K, 50 young (51200K), 5 survivors (5120K)
 Metaspace       used 99807K, committed 101952K, reserved 1179648K
  class space    used 13755K, committed 14848K, reserved 1048576K
}
Event: 8.647 GC heap after
{Heap after GC invocations=33 (full 0):
 garbage-first heap   total 140288K, used 84510K [0x0000000080000000, 0x0000000100000000)
  region size 1024K, 6 young (6144K), 6 survivors (6144K)
 Metaspace       used 99807K, committed 101952K, reserved 1179648K
  class space    used 13755K, committed 14848K, reserved 1048576K
}
Event: 8.934 GC heap before
{Heap before GC invocations=33 (full 0):
 garbage-first heap   total 140288K, used 124446K [0x0000000080000000, 0x0000000100000000)
  region size 1024K, 46 young (47104K), 6 survivors (6144K)
 Metaspace       used 101820K, committed 103936K, reserved 1179648K
  class space    used 14088K, committed 15168K, reserved 1048576K
}
Event: 8.939 GC heap after
{Heap after GC invocations=34 (full 0):
 garbage-first heap   total 140288K, used 87778K [0x0000000080000000, 0x0000000100000000)
  region size 1024K, 6 young (6144K), 6 survivors (6144K)
 Metaspace       used 101820K, committed 103936K, reserved 1179648K
  class space    used 14088K, committed 15168K, reserved 1048576K
}
Event: 9.057 GC heap before
{Heap before GC invocations=34 (full 0):
 garbage-first heap   total 140288K, used 114402K [0x0000000080000000, 0x0000000100000000)
  region size 1024K, 34 young (34816K), 6 survivors (6144K)
 Metaspace       used 102066K, committed 104192K, reserved 1179648K
  class space    used 14134K, committed 15232K, reserved 1048576K
}
Event: 9.150 GC heap after
{Heap after GC invocations=35 (full 0):
 garbage-first heap   total 168960K, used 90612K [0x0000000080000000, 0x0000000100000000)
  region size 1024K, 5 young (5120K), 5 survivors (5120K)
 Metaspace       used 102066K, committed 104192K, reserved 1179648K
  class space    used 14134K, committed 15232K, reserved 1048576K
}
Event: 9.152 GC heap before
{Heap before GC invocations=35 (full 0):
 garbage-first heap   total 168960K, used 91636K [0x0000000080000000, 0x0000000100000000)
  region size 1024K, 6 young (6144K), 5 survivors (5120K)
 Metaspace       used 102066K, committed 104192K, reserved 1179648K
  class space    used 14134K, committed 15232K, reserved 1048576K
}
Event: 9.154 GC heap after
{Heap after GC invocations=36 (full 0):
 garbage-first heap   total 168960K, used 90588K [0x0000000080000000, 0x0000000100000000)
  region size 1024K, 4 young (4096K), 4 survivors (4096K)
 Metaspace       used 102066K, committed 104192K, reserved 1179648K
  class space    used 14134K, committed 15232K, reserved 1048576K
}

