# JRE version: OpenJDK Runtime Environment (21.0.6) (build 21.0.6+-13355223-b631.42)
# Java VM: OpenJDK 64-Bit Server VM (21.0.6+-13355223-b631.42, mixed mode, tiered, compressed oops, compressed class ptrs, g1 gc, windows-amd64)
GC Precious Log:
 CardTable entry size: 512
 Card Set container configuration: InlinePtr #cards 5 size 8 Array Of Cards #cards 12 size 40 Howl #buckets 4 coarsen threshold 1843 Howl Bitmap #cards 512 size 80 coarsen threshold 460 Card regions per heap region 1 cards per card region 2048
 CPUs: 12 total, 12 available
 Memory: 15557M
 Large Page Support: Disabled
 NUMA Support: Disabled
 Compressed Oops: Enabled (32-bit)
 Heap Region Size: 1M
 Heap Min Capacity: 8M
 Heap Initial Capacity: 244M
 Heap Max Capacity: 2G
 Pre-touch: Disabled
 Parallel Workers: 10
 Concurrent Workers: 3
 Concurrent Refinement Workers: 10
 Periodic GC: Disabled
Heap:
 garbage-first heap   total 172032K, used 120832K [0x0000000080000000, 0x0000000100000000)
  region size 1024K, 6 young (6144K), 6 survivors (6144K)
 Metaspace       used 105757K, committed 107968K, reserved 1179648K
  class space    used 14479K, committed 15552K, reserved 1048576K
GC Heap History (20 events):
Event: 5.481 GC heap after
{Heap after GC invocations=27 (full 0):
 garbage-first heap   total 122880K, used 75058K [0x0000000080000000, 0x0000000100000000)
  region size 1024K, 2 young (2048K), 2 survivors (2048K)
 Metaspace       used 84962K, committed 86912K, reserved 1179648K
  class space    used 11481K, committed 12480K, reserved 1048576K
}
Event: 5.717 GC heap before
{Heap before GC invocations=28 (full 0):
 garbage-first heap   total 128000K, used 113970K [0x0000000080000000, 0x0000000100000000)
  region size 1024K, 39 young (39936K), 2 survivors (2048K)
 Metaspace       used 87964K, committed 89920K, reserved 1179648K
  class space    used 12009K, committed 12992K, reserved 1048576K
}
Event: 5.719 GC heap after
{Heap after GC invocations=29 (full 0):
 garbage-first heap   total 128000K, used 75473K [0x0000000080000000, 0x0000000100000000)
  region size 1024K, 3 young (3072K), 3 survivors (3072K)
 Metaspace       used 87964K, committed 89920K, reserved 1179648K
  class space    used 12009K, committed 12992K, reserved 1048576K
}
Event: 5.965 GC heap before
{Heap before GC invocations=29 (full 0):
 garbage-first heap   total 128000K, used 116433K [0x0000000080000000, 0x0000000100000000)
  region size 1024K, 43 young (44032K), 3 survivors (3072K)
 Metaspace       used 91155K, committed 93184K, reserved 1179648K
  class space    used 12496K, committed 13504K, reserved 1048576K
}
Event: 5.968 GC heap after
{Heap after GC invocations=30 (full 0):
 garbage-first heap   total 128000K, used 76333K [0x0000000080000000, 0x0000000100000000)
  region size 1024K, 5 young (5120K), 5 survivors (5120K)
 Metaspace       used 91155K, committed 93184K, reserved 1179648K
  class space    used 12496K, committed 13504K, reserved 1048576K
}
Event: 6.237 GC heap before
{Heap before GC invocations=30 (full 0):
 garbage-first heap   total 128000K, used 115245K [0x0000000080000000, 0x0000000100000000)
  region size 1024K, 43 young (44032K), 5 survivors (5120K)
 Metaspace       used 94317K, committed 96448K, reserved 1179648K
  class space    used 12963K, committed 14016K, reserved 1048576K
}
Event: 6.241 GC heap after
{Heap after GC invocations=31 (full 0):
 garbage-first heap   total 128000K, used 78820K [0x0000000080000000, 0x0000000100000000)
  region size 1024K, 6 young (6144K), 6 survivors (6144K)
 Metaspace       used 94317K, committed 96448K, reserved 1179648K
  class space    used 12963K, committed 14016K, reserved 1048576K
}
Event: 6.484 GC heap before
{Heap before GC invocations=32 (full 0):
 garbage-first heap   total 133120K, used 113636K [0x0000000080000000, 0x0000000100000000)
  region size 1024K, 40 young (40960K), 6 survivors (6144K)
 Metaspace       used 97813K, committed 99904K, reserved 1179648K
  class space    used 13502K, committed 14592K, reserved 1048576K
}
Event: 6.487 GC heap after
{Heap after GC invocations=33 (full 0):
 garbage-first heap   total 133120K, used 80516K [0x0000000080000000, 0x0000000100000000)
  region size 1024K, 5 young (5120K), 5 survivors (5120K)
 Metaspace       used 97813K, committed 99904K, reserved 1179648K
  class space    used 13502K, committed 14592K, reserved 1048576K
}
Event: 6.777 GC heap before
{Heap before GC invocations=33 (full 0):
 garbage-first heap   total 133120K, used 119428K [0x0000000080000000, 0x0000000100000000)
  region size 1024K, 43 young (44032K), 5 survivors (5120K)
 Metaspace       used 100358K, committed 102592K, reserved 1179648K
  class space    used 13873K, committed 14976K, reserved 1048576K
}
Event: 6.782 GC heap after
{Heap after GC invocations=34 (full 0):
 garbage-first heap   total 159744K, used 82756K [0x0000000080000000, 0x0000000100000000)
  region size 1024K, 5 young (5120K), 5 survivors (5120K)
 Metaspace       used 100358K, committed 102592K, reserved 1179648K
  class space    used 13873K, committed 14976K, reserved 1048576K
}
Event: 7.100 GC heap before
{Heap before GC invocations=34 (full 0):
 garbage-first heap   total 159744K, used 144196K [0x0000000080000000, 0x0000000100000000)
  region size 1024K, 65 young (66560K), 5 survivors (5120K)
 Metaspace       used 101948K, committed 104064K, reserved 1179648K
  class space    used 14121K, committed 15168K, reserved 1048576K
}
Event: 7.104 GC heap after
{Heap after GC invocations=35 (full 0):
 garbage-first heap   total 159744K, used 88421K [0x0000000080000000, 0x0000000100000000)
  region size 1024K, 9 young (9216K), 9 survivors (9216K)
 Metaspace       used 101948K, committed 104064K, reserved 1179648K
  class space    used 14121K, committed 15168K, reserved 1048576K
}
Event: 7.121 GC heap before
{Heap before GC invocations=35 (full 0):
 garbage-first heap   total 159744K, used 89445K [0x0000000080000000, 0x0000000100000000)
  region size 1024K, 12 young (12288K), 9 survivors (9216K)
 Metaspace       used 102120K, committed 104320K, reserved 1179648K
  class space    used 14157K, committed 15232K, reserved 1048576K
}
Event: 7.125 GC heap after
{Heap after GC invocations=36 (full 0):
 garbage-first heap   total 159744K, used 90943K [0x0000000080000000, 0x0000000100000000)
  region size 1024K, 2 young (2048K), 2 survivors (2048K)
 Metaspace       used 102120K, committed 104320K, reserved 1179648K
  class space    used 14157K, committed 15232K, reserved 1048576K
}
Event: 7.619 GC heap before
{Heap before GC invocations=37 (full 0):
 garbage-first heap   total 160768K, used 151359K [0x0000000080000000, 0x0000000100000000)
  region size 1024K, 55 young (56320K), 2 survivors (2048K)
 Metaspace       used 105525K, committed 107712K, reserved 1179648K
  class space    used 14460K, committed 15552K, reserved 1048576K
}
Event: 7.626 GC heap after
{Heap after GC invocations=38 (full 0):
 garbage-first heap   total 172032K, used 108229K [0x0000000080000000, 0x0000000100000000)
  region size 1024K, 7 young (7168K), 7 survivors (7168K)
 Metaspace       used 105525K, committed 107712K, reserved 1179648K
  class space    used 14460K, committed 15552K, reserved 1048576K
}
Event: 7.821 GC heap before
{Heap before GC invocations=38 (full 0):
 garbage-first heap   total 172032K, used 153285K [0x0000000080000000, 0x0000000100000000)
  region size 1024K, 45 young (46080K), 7 survivors (7168K)
 Metaspace       used 105729K, committed 107904K, reserved 1179648K
  class space    used 14479K, committed 15552K, reserved 1048576K
}
Event: 7.826 GC heap after
{Heap after GC invocations=39 (full 0):
 garbage-first heap   total 172032K, used 113632K [0x0000000080000000, 0x0000000100000000)
  region size 1024K, 6 young (6144K), 6 survivors (6144K)
 Metaspace       used 105729K, committed 107904K, reserved 1179648K
  class space    used 14479K, committed 15552K, reserved 1048576K
}
Event: 7.885 GC heap before
{Heap before GC invocations=39 (full 0):
 garbage-first heap   total 172032K, used 122848K [0x0000000080000000, 0x0000000100000000)
  region size 1024K, 17 young (17408K), 6 survivors (6144K)
 Metaspace       used 105757K, committed 107968K, reserved 1179648K
  class space    used 14479K, committed 15552K, reserved 1048576K
}

