# JRE version: OpenJDK Runtime Environment (21.0.6) (build 21.0.6+-13355223-b631.42)
# Java VM: OpenJDK 64-Bit Server VM (21.0.6+-13355223-b631.42, mixed mode, tiered, compressed oops, compressed class ptrs, g1 gc, windows-amd64)
GC Precious Log:
 CardTable entry size: 512
 Card Set container configuration: InlinePtr #cards 5 size 8 Array Of Cards #cards 12 size 40 Howl #buckets 4 coarsen threshold 1843 Howl Bitmap #cards 512 size 80 coarsen threshold 460 Card regions per heap region 1 cards per card region 2048
 CPUs: 12 total, 12 available
 Memory: 15557M
 Large Page Support: Disabled
 NUMA Support: Disabled
 Compressed Oops: Enabled (32-bit)
 Heap Region Size: 1M
 Heap Min Capacity: 8M
 Heap Initial Capacity: 244M
 Heap Max Capacity: 2G
 Pre-touch: Disabled
 Parallel Workers: 10
 Concurrent Workers: 3
 Concurrent Refinement Workers: 10
 Periodic GC: Disabled
Heap:
 garbage-first heap   total 106496K, used 49842K [0x0000000080000000, 0x0000000100000000)
  region size 1024K, 6 young (6144K), 5 survivors (5120K)
 Metaspace       used 66843K, committed 68416K, reserved 1114112K
  class space    used 9096K, committed 9856K, reserved 1048576K
GC Heap History (20 events):
Event: 2.155 GC heap before
{Heap before GC invocations=6 (full 0):
 garbage-first heap   total 88064K, used 63794K [0x0000000080000000, 0x0000000100000000)
  region size 1024K, 51 young (52224K), 12 survivors (12288K)
 Metaspace       used 34961K, committed 35840K, reserved 1114112K
  class space    used 4660K, committed 5056K, reserved 1048576K
}
Event: 2.158 GC heap after
{Heap after GC invocations=7 (full 0):
 garbage-first heap   total 88064K, used 26432K [0x0000000080000000, 0x0000000100000000)
  region size 1024K, 6 young (6144K), 6 survivors (6144K)
 Metaspace       used 34961K, committed 35840K, reserved 1114112K
  class space    used 4660K, committed 5056K, reserved 1048576K
}
Event: 2.181 GC heap before
{Heap before GC invocations=7 (full 0):
 garbage-first heap   total 88064K, used 28480K [0x0000000080000000, 0x0000000100000000)
  region size 1024K, 9 young (9216K), 6 survivors (6144K)
 Metaspace       used 35292K, committed 36096K, reserved 1114112K
  class space    used 4724K, committed 5120K, reserved 1048576K
}
Event: 2.184 GC heap after
{Heap after GC invocations=8 (full 0):
 garbage-first heap   total 88064K, used 26865K [0x0000000080000000, 0x0000000100000000)
  region size 1024K, 3 young (3072K), 3 survivors (3072K)
 Metaspace       used 35292K, committed 36096K, reserved 1114112K
  class space    used 4724K, committed 5120K, reserved 1048576K
}
Event: 2.581 GC heap before
{Heap before GC invocations=9 (full 0):
 garbage-first heap   total 88064K, used 74993K [0x0000000080000000, 0x0000000100000000)
  region size 1024K, 50 young (51200K), 3 survivors (3072K)
 Metaspace       used 43454K, committed 44672K, reserved 1114112K
  class space    used 5844K, committed 6464K, reserved 1048576K
}
Event: 2.584 GC heap after
{Heap after GC invocations=10 (full 0):
 garbage-first heap   total 88064K, used 30328K [0x0000000080000000, 0x0000000100000000)
  region size 1024K, 7 young (7168K), 7 survivors (7168K)
 Metaspace       used 43454K, committed 44672K, reserved 1114112K
  class space    used 5844K, committed 6464K, reserved 1048576K
}
Event: 2.792 GC heap before
{Heap before GC invocations=10 (full 0):
 garbage-first heap   total 88064K, used 73336K [0x0000000080000000, 0x0000000100000000)
  region size 1024K, 50 young (51200K), 7 survivors (7168K)
 Metaspace       used 46688K, committed 47936K, reserved 1114112K
  class space    used 6237K, committed 6848K, reserved 1048576K
}
Event: 2.796 GC heap after
{Heap after GC invocations=11 (full 0):
 garbage-first heap   total 88064K, used 32560K [0x0000000080000000, 0x0000000100000000)
  region size 1024K, 7 young (7168K), 7 survivors (7168K)
 Metaspace       used 46688K, committed 47936K, reserved 1114112K
  class space    used 6237K, committed 6848K, reserved 1048576K
}
Event: 3.065 GC heap before
{Heap before GC invocations=11 (full 0):
 garbage-first heap   total 88064K, used 74544K [0x0000000080000000, 0x0000000100000000)
  region size 1024K, 48 young (49152K), 7 survivors (7168K)
 Metaspace       used 50238K, committed 51648K, reserved 1114112K
  class space    used 6807K, committed 7488K, reserved 1048576K
}
Event: 3.068 GC heap after
{Heap after GC invocations=12 (full 0):
 garbage-first heap   total 88064K, used 35039K [0x0000000080000000, 0x0000000100000000)
  region size 1024K, 3 young (3072K), 3 survivors (3072K)
 Metaspace       used 50238K, committed 51648K, reserved 1114112K
  class space    used 6807K, committed 7488K, reserved 1048576K
}
Event: 3.380 GC heap before
{Heap before GC invocations=12 (full 0):
 garbage-first heap   total 88064K, used 78047K [0x0000000080000000, 0x0000000100000000)
  region size 1024K, 44 young (45056K), 3 survivors (3072K)
 Metaspace       used 56417K, committed 57856K, reserved 1114112K
  class space    used 7588K, committed 8320K, reserved 1048576K
}
Event: 3.382 GC heap after
{Heap after GC invocations=13 (full 0):
 garbage-first heap   total 106496K, used 36230K [0x0000000080000000, 0x0000000100000000)
  region size 1024K, 5 young (5120K), 5 survivors (5120K)
 Metaspace       used 56417K, committed 57856K, reserved 1114112K
  class space    used 7588K, committed 8320K, reserved 1048576K
}
Event: 3.556 GC heap before
{Heap before GC invocations=13 (full 0):
 garbage-first heap   total 106496K, used 54662K [0x0000000080000000, 0x0000000100000000)
  region size 1024K, 24 young (24576K), 5 survivors (5120K)
 Metaspace       used 58972K, committed 60416K, reserved 1114112K
  class space    used 7963K, committed 8704K, reserved 1048576K
}
Event: 3.558 GC heap after
{Heap after GC invocations=14 (full 0):
 garbage-first heap   total 106496K, used 37256K [0x0000000080000000, 0x0000000100000000)
  region size 1024K, 6 young (6144K), 6 survivors (6144K)
 Metaspace       used 58972K, committed 60416K, reserved 1114112K
  class space    used 7963K, committed 8704K, reserved 1048576K
}
Event: 4.177 GC heap before
{Heap before GC invocations=15 (full 0):
 garbage-first heap   total 106496K, used 90504K [0x0000000080000000, 0x0000000100000000)
  region size 1024K, 59 young (60416K), 6 survivors (6144K)
 Metaspace       used 65247K, committed 66880K, reserved 1114112K
  class space    used 8923K, committed 9728K, reserved 1048576K
}
Event: 4.181 GC heap after
{Heap after GC invocations=16 (full 0):
 garbage-first heap   total 106496K, used 42015K [0x0000000080000000, 0x0000000100000000)
  region size 1024K, 8 young (8192K), 8 survivors (8192K)
 Metaspace       used 65247K, committed 66880K, reserved 1114112K
  class space    used 8923K, committed 9728K, reserved 1048576K
}
Event: 4.389 GC heap before
{Heap before GC invocations=16 (full 0):
 garbage-first heap   total 106496K, used 90143K [0x0000000080000000, 0x0000000100000000)
  region size 1024K, 56 young (57344K), 8 survivors (8192K)
 Metaspace       used 66258K, committed 67904K, reserved 1114112K
  class space    used 9057K, committed 9856K, reserved 1048576K
}
Event: 4.393 GC heap after
{Heap after GC invocations=17 (full 0):
 garbage-first heap   total 106496K, used 45718K [0x0000000080000000, 0x0000000100000000)
  region size 1024K, 5 young (5120K), 5 survivors (5120K)
 Metaspace       used 66258K, committed 67904K, reserved 1114112K
  class space    used 9057K, committed 9856K, reserved 1048576K
}
Event: 4.493 GC heap before
{Heap before GC invocations=17 (full 0):
 garbage-first heap   total 106496K, used 92822K [0x0000000080000000, 0x0000000100000000)
  region size 1024K, 52 young (53248K), 5 survivors (5120K)
 Metaspace       used 66569K, committed 68224K, reserved 1114112K
  class space    used 9057K, committed 9856K, reserved 1048576K
}
Event: 4.496 GC heap after
{Heap after GC invocations=18 (full 0):
 garbage-first heap   total 106496K, used 47104K [0x0000000080000000, 0x0000000100000000)
  region size 1024K, 4 young (4096K), 4 survivors (4096K)
 Metaspace       used 66569K, committed 68224K, reserved 1114112K
  class space    used 9057K, committed 9856K, reserved 1048576K
}

