# JRE version: OpenJDK Runtime Environment (21.0.6) (build 21.0.6+-13355223-b631.42)
# Java VM: OpenJDK 64-Bit Server VM (21.0.6+-13355223-b631.42, mixed mode, tiered, compressed oops, compressed class ptrs, g1 gc, windows-amd64)
GC Precious Log:
 CardTable entry size: 512
 Card Set container configuration: InlinePtr #cards 5 size 8 Array Of Cards #cards 12 size 40 Howl #buckets 4 coarsen threshold 1843 Howl Bitmap #cards 512 size 80 coarsen threshold 460 Card regions per heap region 1 cards per card region 2048
 CPUs: 12 total, 12 available
 Memory: 15557M
 Large Page Support: Disabled
 NUMA Support: Disabled
 Compressed Oops: Enabled (32-bit)
 Heap Region Size: 1M
 Heap Min Capacity: 8M
 Heap Initial Capacity: 244M
 Heap Max Capacity: 2G
 Pre-touch: Disabled
 Parallel Workers: 10
 Concurrent Workers: 3
 Concurrent Refinement Workers: 10
 Periodic GC: Disabled
Heap:
 garbage-first heap   total 106496K, used 69037K [0x0000000080000000, 0x0000000100000000)
  region size 1024K, 30 young (30720K), 5 survivors (5120K)
 Metaspace       used 66454K, committed 68160K, reserved 1114112K
  class space    used 9050K, committed 9920K, reserved 1048576K
GC Heap History (20 events):
Event: 3.003 GC heap before
{Heap before GC invocations=5 (full 0):
 garbage-first heap   total 75776K, used 73295K [0x0000000080000000, 0x0000000100000000)
  region size 1024K, 61 young (62464K), 9 survivors (9216K)
 Metaspace       used 29646K, committed 30272K, reserved 1114112K
  class space    used 3797K, committed 4096K, reserved 1048576K
}
Event: 3.007 GC heap after
{Heap after GC invocations=6 (full 0):
 garbage-first heap   total 88064K, used 23808K [0x0000000080000000, 0x0000000100000000)
  region size 1024K, 12 young (12288K), 12 survivors (12288K)
 Metaspace       used 29646K, committed 30272K, reserved 1114112K
  class space    used 3797K, committed 4096K, reserved 1048576K
}
Event: 3.415 GC heap before
{Heap before GC invocations=6 (full 0):
 garbage-first heap   total 88064K, used 62720K [0x0000000080000000, 0x0000000100000000)
  region size 1024K, 51 young (52224K), 12 survivors (12288K)
 Metaspace       used 34949K, committed 35840K, reserved 1114112K
  class space    used 4662K, committed 5120K, reserved 1048576K
}
Event: 3.419 GC heap after
{Heap after GC invocations=7 (full 0):
 garbage-first heap   total 88064K, used 26470K [0x0000000080000000, 0x0000000100000000)
  region size 1024K, 7 young (7168K), 7 survivors (7168K)
 Metaspace       used 34949K, committed 35840K, reserved 1114112K
  class space    used 4662K, committed 5120K, reserved 1048576K
}
Event: 3.432 GC heap before
{Heap before GC invocations=7 (full 0):
 garbage-first heap   total 88064K, used 27494K [0x0000000080000000, 0x0000000100000000)
  region size 1024K, 9 young (9216K), 7 survivors (7168K)
 Metaspace       used 35112K, committed 35968K, reserved 1114112K
  class space    used 4691K, committed 5120K, reserved 1048576K
}
Event: 3.434 GC heap after
{Heap after GC invocations=8 (full 0):
 garbage-first heap   total 88064K, used 26532K [0x0000000080000000, 0x0000000100000000)
  region size 1024K, 3 young (3072K), 3 survivors (3072K)
 Metaspace       used 35112K, committed 35968K, reserved 1114112K
  class space    used 4691K, committed 5120K, reserved 1048576K
}
Event: 3.847 GC heap before
{Heap before GC invocations=9 (full 0):
 garbage-first heap   total 88064K, used 73636K [0x0000000080000000, 0x0000000100000000)
  region size 1024K, 49 young (50176K), 3 survivors (3072K)
 Metaspace       used 42014K, committed 43264K, reserved 1114112K
  class space    used 5699K, committed 6336K, reserved 1048576K
}
Event: 3.850 GC heap after
{Heap after GC invocations=10 (full 0):
 garbage-first heap   total 88064K, used 29427K [0x0000000080000000, 0x0000000100000000)
  region size 1024K, 6 young (6144K), 6 survivors (6144K)
 Metaspace       used 42014K, committed 43264K, reserved 1114112K
  class space    used 5699K, committed 6336K, reserved 1048576K
}
Event: 4.117 GC heap before
{Heap before GC invocations=10 (full 0):
 garbage-first heap   total 88064K, used 73459K [0x0000000080000000, 0x0000000100000000)
  region size 1024K, 50 young (51200K), 6 survivors (6144K)
 Metaspace       used 46723K, committed 48000K, reserved 1114112K
  class space    used 6248K, committed 6848K, reserved 1048576K
}
Event: 4.121 GC heap after
{Heap after GC invocations=11 (full 0):
 garbage-first heap   total 88064K, used 33105K [0x0000000080000000, 0x0000000100000000)
  region size 1024K, 7 young (7168K), 7 survivors (7168K)
 Metaspace       used 46723K, committed 48000K, reserved 1114112K
  class space    used 6248K, committed 6848K, reserved 1048576K
}
Event: 4.408 GC heap before
{Heap before GC invocations=11 (full 0):
 garbage-first heap   total 88064K, used 75089K [0x0000000080000000, 0x0000000100000000)
  region size 1024K, 48 young (49152K), 7 survivors (7168K)
 Metaspace       used 50106K, committed 51584K, reserved 1114112K
  class space    used 6791K, committed 7552K, reserved 1048576K
}
Event: 4.411 GC heap after
{Heap after GC invocations=12 (full 0):
 garbage-first heap   total 88064K, used 35379K [0x0000000080000000, 0x0000000100000000)
  region size 1024K, 3 young (3072K), 3 survivors (3072K)
 Metaspace       used 50106K, committed 51584K, reserved 1114112K
  class space    used 6791K, committed 7552K, reserved 1048576K
}
Event: 4.770 GC heap before
{Heap before GC invocations=12 (full 0):
 garbage-first heap   total 88064K, used 78387K [0x0000000080000000, 0x0000000100000000)
  region size 1024K, 43 young (44032K), 3 survivors (3072K)
 Metaspace       used 56205K, committed 57728K, reserved 1114112K
  class space    used 7572K, committed 8320K, reserved 1048576K
}
Event: 4.772 GC heap after
{Heap after GC invocations=13 (full 0):
 garbage-first heap   total 106496K, used 36690K [0x0000000080000000, 0x0000000100000000)
  region size 1024K, 5 young (5120K), 5 survivors (5120K)
 Metaspace       used 56205K, committed 57728K, reserved 1114112K
  class space    used 7572K, committed 8320K, reserved 1048576K
}
Event: 4.947 GC heap before
{Heap before GC invocations=13 (full 0):
 garbage-first heap   total 106496K, used 54098K [0x0000000080000000, 0x0000000100000000)
  region size 1024K, 23 young (23552K), 5 survivors (5120K)
 Metaspace       used 58599K, committed 60160K, reserved 1114112K
  class space    used 7914K, committed 8704K, reserved 1048576K
}
Event: 4.950 GC heap after
{Heap after GC invocations=14 (full 0):
 garbage-first heap   total 106496K, used 37574K [0x0000000080000000, 0x0000000100000000)
  region size 1024K, 5 young (5120K), 5 survivors (5120K)
 Metaspace       used 58599K, committed 60160K, reserved 1114112K
  class space    used 7914K, committed 8704K, reserved 1048576K
}
Event: 5.623 GC heap before
{Heap before GC invocations=15 (full 0):
 garbage-first heap   total 106496K, used 93894K [0x0000000080000000, 0x0000000100000000)
  region size 1024K, 61 young (62464K), 5 survivors (5120K)
 Metaspace       used 65299K, committed 67008K, reserved 1114112K
  class space    used 8934K, committed 9792K, reserved 1048576K
}
Event: 5.627 GC heap after
{Heap after GC invocations=16 (full 0):
 garbage-first heap   total 106496K, used 42315K [0x0000000080000000, 0x0000000100000000)
  region size 1024K, 8 young (8192K), 8 survivors (8192K)
 Metaspace       used 65299K, committed 67008K, reserved 1114112K
  class space    used 8934K, committed 9792K, reserved 1048576K
}
Event: 5.837 GC heap before
{Heap before GC invocations=16 (full 0):
 garbage-first heap   total 106496K, used 89419K [0x0000000080000000, 0x0000000100000000)
  region size 1024K, 55 young (56320K), 8 survivors (8192K)
 Metaspace       used 66266K, committed 68032K, reserved 1114112K
  class space    used 9050K, committed 9920K, reserved 1048576K
}
Event: 5.841 GC heap after
{Heap after GC invocations=17 (full 0):
 garbage-first heap   total 106496K, used 45485K [0x0000000080000000, 0x0000000100000000)
  region size 1024K, 5 young (5120K), 5 survivors (5120K)
 Metaspace       used 66266K, committed 68032K, reserved 1114112K
  class space    used 9050K, committed 9920K, reserved 1048576K
}

