# JRE version: OpenJDK Runtime Environment (21.0.6) (build 21.0.6+-13355223-b631.42)
# Java VM: OpenJDK 64-Bit Server VM (21.0.6+-13355223-b631.42, mixed mode, tiered, compressed oops, compressed class ptrs, g1 gc, windows-amd64)
GC Precious Log:
 CardTable entry size: 512
 Card Set container configuration: InlinePtr #cards 5 size 8 Array Of Cards #cards 12 size 40 Howl #buckets 4 coarsen threshold 1843 Howl Bitmap #cards 512 size 80 coarsen threshold 460 Card regions per heap region 1 cards per card region 2048
 CPUs: 12 total, 12 available
 Memory: 15557M
 Large Page Support: Disabled
 NUMA Support: Disabled
 Compressed Oops: Enabled (32-bit)
 Heap Region Size: 1M
 Heap Min Capacity: 8M
 Heap Initial Capacity: 244M
 Heap Max Capacity: 2G
 Pre-touch: Disabled
 Parallel Workers: 10
 Concurrent Workers: 3
 Concurrent Refinement Workers: 10
 Periodic GC: Disabled
Heap:
 garbage-first heap   total 96256K, used 79157K [0x0000000080000000, 0x0000000100000000)
  region size 1024K, 30 young (30720K), 4 survivors (4096K)
 Metaspace       used 67659K, committed 69376K, reserved 1114112K
  class space    used 9249K, committed 10048K, reserved 1048576K
GC Heap History (20 events):
Event: 2.425 GC heap before
{Heap before GC invocations=7 (full 0):
 garbage-first heap   total 79872K, used 34821K [0x0000000080000000, 0x0000000100000000)
  region size 1024K, 17 young (17408K), 6 survivors (6144K)
 Metaspace       used 35261K, committed 36096K, reserved 1114112K
  class space    used 4721K, committed 5120K, reserved 1048576K
}
Event: 2.427 GC heap after
{Heap after GC invocations=8 (full 0):
 garbage-first heap   total 79872K, used 26337K [0x0000000080000000, 0x0000000100000000)
  region size 1024K, 4 young (4096K), 4 survivors (4096K)
 Metaspace       used 35261K, committed 36096K, reserved 1114112K
  class space    used 4721K, committed 5120K, reserved 1048576K
}
Event: 2.756 GC heap before
{Heap before GC invocations=9 (full 0):
 garbage-first heap   total 79872K, used 65249K [0x0000000080000000, 0x0000000100000000)
  region size 1024K, 42 young (43008K), 4 survivors (4096K)
 Metaspace       used 40613K, committed 41792K, reserved 1114112K
  class space    used 5569K, committed 6144K, reserved 1048576K
}
Event: 2.758 GC heap after
{Heap after GC invocations=10 (full 0):
 garbage-first heap   total 79872K, used 28368K [0x0000000080000000, 0x0000000100000000)
  region size 1024K, 6 young (6144K), 6 survivors (6144K)
 Metaspace       used 40613K, committed 41792K, reserved 1114112K
  class space    used 5569K, committed 6144K, reserved 1048576K
}
Event: 3.002 GC heap before
{Heap before GC invocations=10 (full 0):
 garbage-first heap   total 79872K, used 66256K [0x0000000080000000, 0x0000000100000000)
  region size 1024K, 44 young (45056K), 6 survivors (6144K)
 Metaspace       used 45684K, committed 46912K, reserved 1114112K
  class space    used 6077K, committed 6656K, reserved 1048576K
}
Event: 3.006 GC heap after
{Heap after GC invocations=11 (full 0):
 garbage-first heap   total 79872K, used 32216K [0x0000000080000000, 0x0000000100000000)
  region size 1024K, 6 young (6144K), 6 survivors (6144K)
 Metaspace       used 45684K, committed 46912K, reserved 1114112K
  class space    used 6077K, committed 6656K, reserved 1048576K
}
Event: 3.190 GC heap before
{Heap before GC invocations=11 (full 0):
 garbage-first heap   total 79872K, used 68056K [0x0000000080000000, 0x0000000100000000)
  region size 1024K, 41 young (41984K), 6 survivors (6144K)
 Metaspace       used 47613K, committed 48896K, reserved 1114112K
  class space    used 6375K, committed 6976K, reserved 1048576K
}
Event: 3.193 GC heap after
{Heap after GC invocations=12 (full 0):
 garbage-first heap   total 79872K, used 34301K [0x0000000080000000, 0x0000000100000000)
  region size 1024K, 2 young (2048K), 2 survivors (2048K)
 Metaspace       used 47613K, committed 48896K, reserved 1114112K
  class space    used 6375K, committed 6976K, reserved 1048576K
}
Event: 3.504 GC heap before
{Heap before GC invocations=12 (full 0):
 garbage-first heap   total 79872K, used 70141K [0x0000000080000000, 0x0000000100000000)
  region size 1024K, 37 young (37888K), 2 survivors (2048K)
 Metaspace       used 52203K, committed 53696K, reserved 1114112K
  class space    used 7134K, committed 7808K, reserved 1048576K
}
Event: 3.506 GC heap after
{Heap after GC invocations=13 (full 0):
 garbage-first heap   total 96256K, used 36088K [0x0000000080000000, 0x0000000100000000)
  region size 1024K, 4 young (4096K), 4 survivors (4096K)
 Metaspace       used 52203K, committed 53696K, reserved 1114112K
  class space    used 7134K, committed 7808K, reserved 1048576K
}
Event: 3.908 GC heap before
{Heap before GC invocations=13 (full 0):
 garbage-first heap   total 96256K, used 80120K [0x0000000080000000, 0x0000000100000000)
  region size 1024K, 47 young (48128K), 4 survivors (4096K)
 Metaspace       used 58904K, committed 60416K, reserved 1114112K
  class space    used 7958K, committed 8704K, reserved 1048576K
}
Event: 3.911 GC heap after
{Heap after GC invocations=14 (full 0):
 garbage-first heap   total 96256K, used 37819K [0x0000000080000000, 0x0000000100000000)
  region size 1024K, 6 young (6144K), 6 survivors (6144K)
 Metaspace       used 58904K, committed 60416K, reserved 1114112K
  class space    used 7958K, committed 8704K, reserved 1048576K
}
Event: 4.423 GC heap before
{Heap before GC invocations=15 (full 0):
 garbage-first heap   total 96256K, used 82875K [0x0000000080000000, 0x0000000100000000)
  region size 1024K, 50 young (51200K), 6 survivors (6144K)
 Metaspace       used 64806K, committed 66496K, reserved 1114112K
  class space    used 8910K, committed 9728K, reserved 1048576K
}
Event: 4.426 GC heap after
{Heap after GC invocations=16 (full 0):
 garbage-first heap   total 96256K, used 40824K [0x0000000080000000, 0x0000000100000000)
  region size 1024K, 5 young (5120K), 5 survivors (5120K)
 Metaspace       used 64806K, committed 66496K, reserved 1114112K
  class space    used 8910K, committed 9728K, reserved 1048576K
}
Event: 4.719 GC heap before
{Heap before GC invocations=16 (full 0):
 garbage-first heap   total 96256K, used 83832K [0x0000000080000000, 0x0000000100000000)
  region size 1024K, 48 young (49152K), 5 survivors (5120K)
 Metaspace       used 66213K, committed 67904K, reserved 1114112K
  class space    used 9070K, committed 9856K, reserved 1048576K
}
Event: 4.723 GC heap after
{Heap after GC invocations=17 (full 0):
 garbage-first heap   total 96256K, used 44643K [0x0000000080000000, 0x0000000100000000)
  region size 1024K, 6 young (6144K), 6 survivors (6144K)
 Metaspace       used 66213K, committed 67904K, reserved 1114112K
  class space    used 9070K, committed 9856K, reserved 1048576K
}
Event: 4.807 GC heap before
{Heap before GC invocations=17 (full 0):
 garbage-first heap   total 96256K, used 82531K [0x0000000080000000, 0x0000000100000000)
  region size 1024K, 44 young (45056K), 6 survivors (6144K)
 Metaspace       used 66514K, committed 68160K, reserved 1114112K
  class space    used 9072K, committed 9856K, reserved 1048576K
}
Event: 4.810 GC heap after
{Heap after GC invocations=18 (full 0):
 garbage-first heap   total 96256K, used 46998K [0x0000000080000000, 0x0000000100000000)
  region size 1024K, 4 young (4096K), 4 survivors (4096K)
 Metaspace       used 66514K, committed 68160K, reserved 1114112K
  class space    used 9072K, committed 9856K, reserved 1048576K
}
Event: 4.876 GC heap before
{Heap before GC invocations=18 (full 0):
 garbage-first heap   total 96256K, used 83862K [0x0000000080000000, 0x0000000100000000)
  region size 1024K, 41 young (41984K), 4 survivors (4096K)
 Metaspace       used 66638K, committed 68352K, reserved 1114112K
  class space    used 9072K, committed 9856K, reserved 1048576K
}
Event: 4.878 GC heap after
{Heap after GC invocations=19 (full 0):
 garbage-first heap   total 96256K, used 48437K [0x0000000080000000, 0x0000000100000000)
  region size 1024K, 4 young (4096K), 4 survivors (4096K)
 Metaspace       used 66638K, committed 68352K, reserved 1114112K
  class space    used 9072K, committed 9856K, reserved 1048576K
}

